<?xml version="1.0" encoding="UTF-8"?>
<!-- Generated by org.testng.reporters.JUnitReportReporter -->
<testsuite hostname="ADAASORA" failures="0" tests="4" name="testMethodsPackage.LaunchTest" time="14.034" errors="0" timestamp="2025-08-04T00:59:36 CDT" skipped="0">
  <testcase classname="testMethodsPackage.LaunchTest" name="clickgetstarted" time="4.923"/>
  <system-out/>
  <testcase classname="testMethodsPackage.LaunchTest" name="checkmsg" time="2.311"/>
  <system-out/>
  <testcase classname="testMethodsPackage.LaunchTest" name="checkmsg" time="4.546"/>
  <system-out/>
  <testcase classname="testMethodsPackage.LaunchTest" name="clickgetstarted" time="2.254"/>
  <system-out/>
</testsuite> <!-- testMethodsPackage.LaunchTest -->
