<?xml version="1.0" encoding="UTF-8"?>
<!-- Generated by org.testng.reporters.JUnitReportReporter -->
<testsuite hostname="ADAASORA" failures="0" tests="2" name="practice.Launchprac" time="3.728" errors="0" timestamp="2025-07-31T23:40:19 CDT" skipped="0">
  <testcase classname="practice.Launchprac" name="clickgetstarted" time="1.736"/>
  <system-out/>
  <testcase classname="practice.Launchprac" name="checkmsg" time="1.992"/>
  <system-out/>
</testsuite> <!-- practice.Launchprac -->
