<?xml version="1.0" encoding="UTF-8"?>
<!-- Generated by org.testng.reporters.JUnitReportReporter -->
<testsuite hostname="ADAASORA" failures="0" tests="2" name="testMethodsPackage.LaunchTest" time="6.132" errors="0" timestamp="2025-08-03T17:21:19 CDT" skipped="0">
  <testcase classname="testMethodsPackage.LaunchTest" name="clickgetstarted" time="4.262"/>
  <system-out/>
  <testcase classname="testMethodsPackage.LaunchTest" name="checkmsg" time="1.870"/>
  <system-out/>
</testsuite> <!-- testMethodsPackage.LaunchTest -->
