<?xml version="1.0" encoding="UTF-8"?>
<!-- Generated by org.testng.reporters.JUnitReportReporter -->
<testsuite hostname="ADAASORA" failures="0" tests="2" name="testMethodsPackage.LaunchTest" time="6.340" errors="0" timestamp="2025-08-04T21:37:38 CDT" skipped="0">
  <testcase classname="testMethodsPackage.LaunchTest" name="checkmsg" time="3.461"/>
  <system-out/>
  <testcase classname="testMethodsPackage.LaunchTest" name="clickgetstarted" time="2.879"/>
  <system-out/>
</testsuite> <!-- testMethodsPackage.LaunchTest -->
